2022-04-14 16:44:27.736  INFO 1476 --- [main] m.j.JQueryAjaxRequestApplication         : Starting JQueryAjaxRequestApplication using Java 16.0.2 on mao with PID 1476 (H:\程序\大三下期\jQuery发送ajax请求\target\classes started by mao in H:\程序\大三下期\jQuery发送ajax请求)
2022-04-14 16:44:27.738 DEBUG 1476 --- [main] m.j.JQueryAjaxRequestApplication         : Running with Spring Boot v2.6.6, Spring v5.3.18
2022-04-14 16:44:27.738  INFO 1476 --- [main] m.j.JQueryAjaxRequestApplication         : The following 1 profile is active: "dev"
2022-04-14 16:44:28.319  INFO 1476 --- [main] o.s.b.w.embedded.tomcat.TomcatWebServer  : Tomcat initialized with port(s): 8080 (http)
2022-04-14 16:44:28.326  INFO 1476 --- [main] o.apache.catalina.core.StandardService   : Starting service [Tomcat]
2022-04-14 16:44:28.327  INFO 1476 --- [main] org.apache.catalina.core.StandardEngine  : Starting Servlet engine: [Apache Tomcat/9.0.60]
2022-04-14 16:44:28.404  INFO 1476 --- [main] o.a.c.c.C.[Tomcat].[localhost].[/]       : Initializing Spring embedded WebApplicationContext
2022-04-14 16:44:28.405  INFO 1476 --- [main] w.s.c.ServletWebServerApplicationContext : Root WebApplicationContext: initialization completed in 632 ms
2022-04-14 16:44:28.651  INFO 1476 --- [main] o.s.b.w.embedded.tomcat.TomcatWebServer  : Tomcat started on port(s): 8080 (http) with context path ''
2022-04-14 16:44:28.661  INFO 1476 --- [main] m.j.JQueryAjaxRequestApplication         : Started JQueryAjaxRequestApplication in 1.233 seconds (JVM running for 1.784)
2022-04-14 16:44:59.595  INFO 1476 --- [http-nio-8080-exec-1] o.a.c.c.C.[Tomcat].[localhost].[/]       : Initializing Spring DispatcherServlet 'dispatcherServlet'
2022-04-14 16:44:59.596  INFO 1476 --- [http-nio-8080-exec-1] o.s.web.servlet.DispatcherServlet        : Initializing Servlet 'dispatcherServlet'
2022-04-14 16:44:59.596  INFO 1476 --- [http-nio-8080-exec-1] o.s.web.servlet.DispatcherServlet        : Completed initialization in 0 ms
2022-04-14 16:45:39.817  INFO 19164 --- [main] m.j.JQueryAjaxRequestApplication         : Starting JQueryAjaxRequestApplication using Java 16.0.2 on mao with PID 19164 (H:\程序\大三下期\jQuery发送ajax请求\target\classes started by mao in H:\程序\大三下期\jQuery发送ajax请求)
2022-04-14 16:45:39.820 DEBUG 19164 --- [main] m.j.JQueryAjaxRequestApplication         : Running with Spring Boot v2.6.6, Spring v5.3.18
2022-04-14 16:45:39.820  INFO 19164 --- [main] m.j.JQueryAjaxRequestApplication         : The following 1 profile is active: "dev"
2022-04-14 16:45:40.413  INFO 19164 --- [main] o.s.b.w.embedded.tomcat.TomcatWebServer  : Tomcat initialized with port(s): 8080 (http)
2022-04-14 16:45:40.420  INFO 19164 --- [main] o.apache.catalina.core.StandardService   : Starting service [Tomcat]
2022-04-14 16:45:40.420  INFO 19164 --- [main] org.apache.catalina.core.StandardEngine  : Starting Servlet engine: [Apache Tomcat/9.0.60]
2022-04-14 16:45:40.496  INFO 19164 --- [main] o.a.c.c.C.[Tomcat].[localhost].[/]       : Initializing Spring embedded WebApplicationContext
2022-04-14 16:45:40.496  INFO 19164 --- [main] w.s.c.ServletWebServerApplicationContext : Root WebApplicationContext: initialization completed in 634 ms
2022-04-14 16:45:40.731  INFO 19164 --- [main] o.s.b.w.embedded.tomcat.TomcatWebServer  : Tomcat started on port(s): 8080 (http) with context path ''
2022-04-14 16:45:40.740  INFO 19164 --- [main] m.j.JQueryAjaxRequestApplication         : Started JQueryAjaxRequestApplication in 1.238 seconds (JVM running for 1.663)
2022-04-14 16:45:44.203  INFO 19164 --- [http-nio-8080-exec-1] o.a.c.c.C.[Tomcat].[localhost].[/]       : Initializing Spring DispatcherServlet 'dispatcherServlet'
2022-04-14 16:45:44.204  INFO 19164 --- [http-nio-8080-exec-1] o.s.web.servlet.DispatcherServlet        : Initializing Servlet 'dispatcherServlet'
2022-04-14 16:45:44.204  INFO 19164 --- [http-nio-8080-exec-1] o.s.web.servlet.DispatcherServlet        : Completed initialization in 0 ms
2022-04-14 16:46:03.001  INFO 14212 --- [main] m.j.JQueryAjaxRequestApplication         : Starting JQueryAjaxRequestApplication using Java 16.0.2 on mao with PID 14212 (H:\程序\大三下期\jQuery发送ajax请求\target\classes started by mao in H:\程序\大三下期\jQuery发送ajax请求)
2022-04-14 16:46:03.003 DEBUG 14212 --- [main] m.j.JQueryAjaxRequestApplication         : Running with Spring Boot v2.6.6, Spring v5.3.18
2022-04-14 16:46:03.003  INFO 14212 --- [main] m.j.JQueryAjaxRequestApplication         : The following 1 profile is active: "dev"
2022-04-14 16:46:03.587  INFO 14212 --- [main] o.s.b.w.embedded.tomcat.TomcatWebServer  : Tomcat initialized with port(s): 8080 (http)
2022-04-14 16:46:03.593  INFO 14212 --- [main] o.apache.catalina.core.StandardService   : Starting service [Tomcat]
2022-04-14 16:46:03.594  INFO 14212 --- [main] org.apache.catalina.core.StandardEngine  : Starting Servlet engine: [Apache Tomcat/9.0.60]
2022-04-14 16:46:03.663  INFO 14212 --- [main] o.a.c.c.C.[Tomcat].[localhost].[/]       : Initializing Spring embedded WebApplicationContext
2022-04-14 16:46:03.664  INFO 14212 --- [main] w.s.c.ServletWebServerApplicationContext : Root WebApplicationContext: initialization completed in 623 ms
2022-04-14 16:46:03.894  INFO 14212 --- [main] o.s.b.w.embedded.tomcat.TomcatWebServer  : Tomcat started on port(s): 8080 (http) with context path ''
2022-04-14 16:46:03.903  INFO 14212 --- [main] m.j.JQueryAjaxRequestApplication         : Started JQueryAjaxRequestApplication in 1.236 seconds (JVM running for 1.657)
2022-04-14 16:46:05.805  INFO 14212 --- [http-nio-8080-exec-1] o.a.c.c.C.[Tomcat].[localhost].[/]       : Initializing Spring DispatcherServlet 'dispatcherServlet'
2022-04-14 16:46:05.805  INFO 14212 --- [http-nio-8080-exec-1] o.s.web.servlet.DispatcherServlet        : Initializing Servlet 'dispatcherServlet'
2022-04-14 16:46:05.806  INFO 14212 --- [http-nio-8080-exec-1] o.s.web.servlet.DispatcherServlet        : Completed initialization in 1 ms
2022-04-14 16:47:41.544  INFO 4440 --- [main] m.j.JQueryAjaxRequestApplication         : Starting JQueryAjaxRequestApplication using Java 16.0.2 on mao with PID 4440 (H:\程序\大三下期\jQuery发送ajax请求\target\classes started by mao in H:\程序\大三下期\jQuery发送ajax请求)
2022-04-14 16:47:41.548 DEBUG 4440 --- [main] m.j.JQueryAjaxRequestApplication         : Running with Spring Boot v2.6.6, Spring v5.3.18
2022-04-14 16:47:41.549  INFO 4440 --- [main] m.j.JQueryAjaxRequestApplication         : The following 1 profile is active: "dev"
2022-04-14 16:47:42.148  INFO 4440 --- [main] o.s.b.w.embedded.tomcat.TomcatWebServer  : Tomcat initialized with port(s): 8080 (http)
2022-04-14 16:47:42.154  INFO 4440 --- [main] o.apache.catalina.core.StandardService   : Starting service [Tomcat]
2022-04-14 16:47:42.155  INFO 4440 --- [main] org.apache.catalina.core.StandardEngine  : Starting Servlet engine: [Apache Tomcat/9.0.60]
2022-04-14 16:47:42.227  INFO 4440 --- [main] o.a.c.c.C.[Tomcat].[localhost].[/]       : Initializing Spring embedded WebApplicationContext
2022-04-14 16:47:42.227  INFO 4440 --- [main] w.s.c.ServletWebServerApplicationContext : Root WebApplicationContext: initialization completed in 637 ms
2022-04-14 16:47:42.458  INFO 4440 --- [main] o.s.b.w.embedded.tomcat.TomcatWebServer  : Tomcat started on port(s): 8080 (http) with context path ''
2022-04-14 16:47:42.467  INFO 4440 --- [main] m.j.JQueryAjaxRequestApplication         : Started JQueryAjaxRequestApplication in 1.247 seconds (JVM running for 1.692)
2022-04-14 16:47:44.814  INFO 4440 --- [http-nio-8080-exec-1] o.a.c.c.C.[Tomcat].[localhost].[/]       : Initializing Spring DispatcherServlet 'dispatcherServlet'
2022-04-14 16:47:44.814  INFO 4440 --- [http-nio-8080-exec-1] o.s.web.servlet.DispatcherServlet        : Initializing Servlet 'dispatcherServlet'
2022-04-14 16:47:44.815  INFO 4440 --- [http-nio-8080-exec-1] o.s.web.servlet.DispatcherServlet        : Completed initialization in 1 ms
2022-04-14 16:49:27.955  INFO 14020 --- [main] m.j.JQueryAjaxRequestApplication         : Starting JQueryAjaxRequestApplication using Java 16.0.2 on mao with PID 14020 (H:\程序\大三下期\jQuery发送ajax请求\target\classes started by mao in H:\程序\大三下期\jQuery发送ajax请求)
2022-04-14 16:49:27.958 DEBUG 14020 --- [main] m.j.JQueryAjaxRequestApplication         : Running with Spring Boot v2.6.6, Spring v5.3.18
2022-04-14 16:49:27.958  INFO 14020 --- [main] m.j.JQueryAjaxRequestApplication         : The following 1 profile is active: "dev"
2022-04-14 16:49:28.526  INFO 14020 --- [main] o.s.b.w.embedded.tomcat.TomcatWebServer  : Tomcat initialized with port(s): 8080 (http)
2022-04-14 16:49:28.532  INFO 14020 --- [main] o.apache.catalina.core.StandardService   : Starting service [Tomcat]
2022-04-14 16:49:28.533  INFO 14020 --- [main] org.apache.catalina.core.StandardEngine  : Starting Servlet engine: [Apache Tomcat/9.0.60]
2022-04-14 16:49:28.604  INFO 14020 --- [main] o.a.c.c.C.[Tomcat].[localhost].[/]       : Initializing Spring embedded WebApplicationContext
2022-04-14 16:49:28.604  INFO 14020 --- [main] w.s.c.ServletWebServerApplicationContext : Root WebApplicationContext: initialization completed in 609 ms
2022-04-14 16:49:28.834  INFO 14020 --- [main] o.s.b.w.embedded.tomcat.TomcatWebServer  : Tomcat started on port(s): 8080 (http) with context path ''
2022-04-14 16:49:28.843  INFO 14020 --- [main] m.j.JQueryAjaxRequestApplication         : Started JQueryAjaxRequestApplication in 1.197 seconds (JVM running for 1.621)
2022-04-14 16:49:33.007  INFO 14020 --- [http-nio-8080-exec-1] o.a.c.c.C.[Tomcat].[localhost].[/]       : Initializing Spring DispatcherServlet 'dispatcherServlet'
2022-04-14 16:49:33.007  INFO 14020 --- [http-nio-8080-exec-1] o.s.web.servlet.DispatcherServlet        : Initializing Servlet 'dispatcherServlet'
2022-04-14 16:49:33.007  INFO 14020 --- [http-nio-8080-exec-1] o.s.web.servlet.DispatcherServlet        : Completed initialization in 0 ms
2022-04-14 16:53:07.928  INFO 14020 --- [http-nio-8080-exec-9] o.apache.coyote.http11.Http11Processor   : Error parsing HTTP request header
 Note: further occurrences of HTTP request parsing errors will be logged at DEBUG level.

java.lang.IllegalArgumentException: Invalid character found in method name [MGLNDD_118.251.211.59_80800x0a...]. HTTP method names must be tokens
	at org.apache.coyote.http11.Http11InputBuffer.parseRequestLine(Http11InputBuffer.java:419) ~[tomcat-embed-core-9.0.60.jar:9.0.60]
	at org.apache.coyote.http11.Http11Processor.service(Http11Processor.java:271) ~[tomcat-embed-core-9.0.60.jar:9.0.60]
	at org.apache.coyote.AbstractProcessorLight.process(AbstractProcessorLight.java:65) ~[tomcat-embed-core-9.0.60.jar:9.0.60]
	at org.apache.coyote.AbstractProtocol$ConnectionHandler.process(AbstractProtocol.java:889) ~[tomcat-embed-core-9.0.60.jar:9.0.60]
	at org.apache.tomcat.util.net.NioEndpoint$SocketProcessor.doRun(NioEndpoint.java:1743) ~[tomcat-embed-core-9.0.60.jar:9.0.60]
	at org.apache.tomcat.util.net.SocketProcessorBase.run(SocketProcessorBase.java:49) ~[tomcat-embed-core-9.0.60.jar:9.0.60]
	at org.apache.tomcat.util.threads.ThreadPoolExecutor.runWorker(ThreadPoolExecutor.java:1191) ~[tomcat-embed-core-9.0.60.jar:9.0.60]
	at org.apache.tomcat.util.threads.ThreadPoolExecutor$Worker.run(ThreadPoolExecutor.java:659) ~[tomcat-embed-core-9.0.60.jar:9.0.60]
	at org.apache.tomcat.util.threads.TaskThread$WrappingRunnable.run(TaskThread.java:61) ~[tomcat-embed-core-9.0.60.jar:9.0.60]
	at java.base/java.lang.Thread.run(Thread.java:831) ~[na:na]

2022-04-14 16:57:34.103  INFO 8536 --- [main] m.j.JQueryAjaxRequestApplication         : Starting JQueryAjaxRequestApplication using Java 16.0.2 on mao with PID 8536 (H:\程序\大三下期\jQuery发送ajax请求\target\classes started by mao in H:\程序\大三下期\jQuery发送ajax请求)
2022-04-14 16:57:34.105 DEBUG 8536 --- [main] m.j.JQueryAjaxRequestApplication         : Running with Spring Boot v2.6.6, Spring v5.3.18
2022-04-14 16:57:34.105  INFO 8536 --- [main] m.j.JQueryAjaxRequestApplication         : The following 1 profile is active: "dev"
2022-04-14 16:57:34.687  INFO 8536 --- [main] o.s.b.w.embedded.tomcat.TomcatWebServer  : Tomcat initialized with port(s): 8080 (http)
2022-04-14 16:57:34.694  INFO 8536 --- [main] o.apache.catalina.core.StandardService   : Starting service [Tomcat]
2022-04-14 16:57:34.695  INFO 8536 --- [main] org.apache.catalina.core.StandardEngine  : Starting Servlet engine: [Apache Tomcat/9.0.60]
2022-04-14 16:57:34.765  INFO 8536 --- [main] o.a.c.c.C.[Tomcat].[localhost].[/]       : Initializing Spring embedded WebApplicationContext
2022-04-14 16:57:34.765  INFO 8536 --- [main] w.s.c.ServletWebServerApplicationContext : Root WebApplicationContext: initialization completed in 622 ms
2022-04-14 16:57:35.003  INFO 8536 --- [main] o.s.b.w.embedded.tomcat.TomcatWebServer  : Tomcat started on port(s): 8080 (http) with context path ''
2022-04-14 16:57:35.013  INFO 8536 --- [main] m.j.JQueryAjaxRequestApplication         : Started JQueryAjaxRequestApplication in 1.212 seconds (JVM running for 1.65)
2022-04-14 16:57:41.041  INFO 8536 --- [http-nio-8080-exec-1] o.a.c.c.C.[Tomcat].[localhost].[/]       : Initializing Spring DispatcherServlet 'dispatcherServlet'
2022-04-14 16:57:41.041  INFO 8536 --- [http-nio-8080-exec-1] o.s.web.servlet.DispatcherServlet        : Initializing Servlet 'dispatcherServlet'
2022-04-14 16:57:41.042  INFO 8536 --- [http-nio-8080-exec-1] o.s.web.servlet.DispatcherServlet        : Completed initialization in 1 ms
2022-04-14 16:58:35.605  INFO 10640 --- [main] m.j.JQueryAjaxRequestApplication         : Starting JQueryAjaxRequestApplication using Java 16.0.2 on mao with PID 10640 (H:\程序\大三下期\jQuery发送ajax请求\target\classes started by mao in H:\程序\大三下期\jQuery发送ajax请求)
2022-04-14 16:58:35.607 DEBUG 10640 --- [main] m.j.JQueryAjaxRequestApplication         : Running with Spring Boot v2.6.6, Spring v5.3.18
2022-04-14 16:58:35.608  INFO 10640 --- [main] m.j.JQueryAjaxRequestApplication         : The following 1 profile is active: "dev"
2022-04-14 16:58:36.186  INFO 10640 --- [main] o.s.b.w.embedded.tomcat.TomcatWebServer  : Tomcat initialized with port(s): 8080 (http)
2022-04-14 16:58:36.193  INFO 10640 --- [main] o.apache.catalina.core.StandardService   : Starting service [Tomcat]
2022-04-14 16:58:36.194  INFO 10640 --- [main] org.apache.catalina.core.StandardEngine  : Starting Servlet engine: [Apache Tomcat/9.0.60]
2022-04-14 16:58:36.264  INFO 10640 --- [main] o.a.c.c.C.[Tomcat].[localhost].[/]       : Initializing Spring embedded WebApplicationContext
2022-04-14 16:58:36.264  INFO 10640 --- [main] w.s.c.ServletWebServerApplicationContext : Root WebApplicationContext: initialization completed in 619 ms
2022-04-14 16:58:36.491  INFO 10640 --- [main] o.s.b.w.embedded.tomcat.TomcatWebServer  : Tomcat started on port(s): 8080 (http) with context path ''
2022-04-14 16:58:36.500  INFO 10640 --- [main] m.j.JQueryAjaxRequestApplication         : Started JQueryAjaxRequestApplication in 1.208 seconds (JVM running for 1.641)
2022-04-14 16:58:41.066  INFO 10640 --- [http-nio-8080-exec-1] o.a.c.c.C.[Tomcat].[localhost].[/]       : Initializing Spring DispatcherServlet 'dispatcherServlet'
2022-04-14 16:58:41.066  INFO 10640 --- [http-nio-8080-exec-1] o.s.web.servlet.DispatcherServlet        : Initializing Servlet 'dispatcherServlet'
2022-04-14 16:58:41.066  INFO 10640 --- [http-nio-8080-exec-1] o.s.web.servlet.DispatcherServlet        : Completed initialization in 0 ms
2022-04-14 16:59:52.063  INFO 11040 --- [main] m.j.JQueryAjaxRequestApplication         : Starting JQueryAjaxRequestApplication using Java 16.0.2 on mao with PID 11040 (H:\程序\大三下期\jQuery发送ajax请求\target\classes started by mao in H:\程序\大三下期\jQuery发送ajax请求)
2022-04-14 16:59:52.066 DEBUG 11040 --- [main] m.j.JQueryAjaxRequestApplication         : Running with Spring Boot v2.6.6, Spring v5.3.18
2022-04-14 16:59:52.066  INFO 11040 --- [main] m.j.JQueryAjaxRequestApplication         : The following 1 profile is active: "dev"
2022-04-14 16:59:52.635  INFO 11040 --- [main] o.s.b.w.embedded.tomcat.TomcatWebServer  : Tomcat initialized with port(s): 8080 (http)
2022-04-14 16:59:52.643  INFO 11040 --- [main] o.apache.catalina.core.StandardService   : Starting service [Tomcat]
2022-04-14 16:59:52.643  INFO 11040 --- [main] org.apache.catalina.core.StandardEngine  : Starting Servlet engine: [Apache Tomcat/9.0.60]
2022-04-14 16:59:52.715  INFO 11040 --- [main] o.a.c.c.C.[Tomcat].[localhost].[/]       : Initializing Spring embedded WebApplicationContext
2022-04-14 16:59:52.716  INFO 11040 --- [main] w.s.c.ServletWebServerApplicationContext : Root WebApplicationContext: initialization completed in 612 ms
