2022-04-14 16:59:52.942  INFO 11040 --- [main] o.s.b.w.embedded.tomcat.TomcatWebServer  : Tomcat started on port(s): 8080 (http) with context path ''
2022-04-14 16:59:52.954  INFO 11040 --- [main] m.j.JQueryAjaxRequestApplication         : Started JQueryAjaxRequestApplication in 1.218 seconds (JVM running for 1.654)
2022-04-14 16:59:59.807  INFO 11040 --- [http-nio-8080-exec-1] o.a.c.c.C.[Tomcat].[localhost].[/]       : Initializing Spring DispatcherServlet 'dispatcherServlet'
2022-04-14 16:59:59.807  INFO 11040 --- [http-nio-8080-exec-1] o.s.web.servlet.DispatcherServlet        : Initializing Servlet 'dispatcherServlet'
2022-04-14 16:59:59.808  INFO 11040 --- [http-nio-8080-exec-1] o.s.web.servlet.DispatcherServlet        : Completed initialization in 1 ms
2022-04-14 17:00:32.340  INFO 11488 --- [main] m.j.JQueryAjaxRequestApplication         : Starting JQueryAjaxRequestApplication using Java 16.0.2 on mao with PID 11488 (H:\程序\大三下期\jQuery发送ajax请求\target\classes started by mao in H:\程序\大三下期\jQuery发送ajax请求)
2022-04-14 17:00:32.342 DEBUG 11488 --- [main] m.j.JQueryAjaxRequestApplication         : Running with Spring Boot v2.6.6, Spring v5.3.18
2022-04-14 17:00:32.343  INFO 11488 --- [main] m.j.JQueryAjaxRequestApplication         : The following 1 profile is active: "dev"
2022-04-14 17:00:32.914  INFO 11488 --- [main] o.s.b.w.embedded.tomcat.TomcatWebServer  : Tomcat initialized with port(s): 8080 (http)
2022-04-14 17:00:32.921  INFO 11488 --- [main] o.apache.catalina.core.StandardService   : Starting service [Tomcat]
2022-04-14 17:00:32.921  INFO 11488 --- [main] org.apache.catalina.core.StandardEngine  : Starting Servlet engine: [Apache Tomcat/9.0.60]
2022-04-14 17:00:32.989  INFO 11488 --- [main] o.a.c.c.C.[Tomcat].[localhost].[/]       : Initializing Spring embedded WebApplicationContext
2022-04-14 17:00:32.989  INFO 11488 --- [main] w.s.c.ServletWebServerApplicationContext : Root WebApplicationContext: initialization completed in 608 ms
2022-04-14 17:00:33.226  INFO 11488 --- [main] o.s.b.w.embedded.tomcat.TomcatWebServer  : Tomcat started on port(s): 8080 (http) with context path ''
2022-04-14 17:00:33.234  INFO 11488 --- [main] m.j.JQueryAjaxRequestApplication         : Started JQueryAjaxRequestApplication in 1.217 seconds (JVM running for 1.649)
2022-04-14 17:00:37.867  INFO 11488 --- [http-nio-8080-exec-1] o.a.c.c.C.[Tomcat].[localhost].[/]       : Initializing Spring DispatcherServlet 'dispatcherServlet'
2022-04-14 17:00:37.867  INFO 11488 --- [http-nio-8080-exec-1] o.s.web.servlet.DispatcherServlet        : Initializing Servlet 'dispatcherServlet'
2022-04-14 17:00:37.867  INFO 11488 --- [http-nio-8080-exec-1] o.s.web.servlet.DispatcherServlet        : Completed initialization in 0 ms
2022-04-14 17:05:05.119  INFO 11488 --- [http-nio-8080-exec-1] o.apache.coyote.http11.Http11Processor   : Error parsing HTTP request header
 Note: further occurrences of HTTP request parsing errors will be logged at DEBUG level.

java.lang.IllegalArgumentException: Invalid character found in method name [0x030x000x000x130x0e0xe00x000x000x000x000x000x010x000x080x000x020x000x000x00...]. HTTP method names must be tokens
	at org.apache.coyote.http11.Http11InputBuffer.parseRequestLine(Http11InputBuffer.java:419) ~[tomcat-embed-core-9.0.60.jar:9.0.60]
	at org.apache.coyote.http11.Http11Processor.service(Http11Processor.java:271) ~[tomcat-embed-core-9.0.60.jar:9.0.60]
	at org.apache.coyote.AbstractProcessorLight.process(AbstractProcessorLight.java:65) ~[tomcat-embed-core-9.0.60.jar:9.0.60]
	at org.apache.coyote.AbstractProtocol$ConnectionHandler.process(AbstractProtocol.java:889) ~[tomcat-embed-core-9.0.60.jar:9.0.60]
	at org.apache.tomcat.util.net.NioEndpoint$SocketProcessor.doRun(NioEndpoint.java:1743) ~[tomcat-embed-core-9.0.60.jar:9.0.60]
	at org.apache.tomcat.util.net.SocketProcessorBase.run(SocketProcessorBase.java:49) ~[tomcat-embed-core-9.0.60.jar:9.0.60]
	at org.apache.tomcat.util.threads.ThreadPoolExecutor.runWorker(ThreadPoolExecutor.java:1191) ~[tomcat-embed-core-9.0.60.jar:9.0.60]
	at org.apache.tomcat.util.threads.ThreadPoolExecutor$Worker.run(ThreadPoolExecutor.java:659) ~[tomcat-embed-core-9.0.60.jar:9.0.60]
	at org.apache.tomcat.util.threads.TaskThread$WrappingRunnable.run(TaskThread.java:61) ~[tomcat-embed-core-9.0.60.jar:9.0.60]
	at java.base/java.lang.Thread.run(Thread.java:831) ~[na:na]

2022-04-14 17:14:04.003  INFO 13576 --- [main] m.j.JQueryAjaxRequestApplication         : Starting JQueryAjaxRequestApplication using Java 16.0.2 on mao with PID 13576 (H:\程序\大三下期\jQuery发送ajax请求\target\classes started by mao in H:\程序\大三下期\jQuery发送ajax请求)
2022-04-14 17:14:04.006 DEBUG 13576 --- [main] m.j.JQueryAjaxRequestApplication         : Running with Spring Boot v2.6.6, Spring v5.3.18
2022-04-14 17:14:04.006  INFO 13576 --- [main] m.j.JQueryAjaxRequestApplication         : The following 1 profile is active: "dev"
2022-04-14 17:14:04.578  INFO 13576 --- [main] o.s.b.w.embedded.tomcat.TomcatWebServer  : Tomcat initialized with port(s): 8080 (http)
2022-04-14 17:14:04.585  INFO 13576 --- [main] o.apache.catalina.core.StandardService   : Starting service [Tomcat]
2022-04-14 17:14:04.585  INFO 13576 --- [main] org.apache.catalina.core.StandardEngine  : Starting Servlet engine: [Apache Tomcat/9.0.60]
2022-04-14 17:14:04.656  INFO 13576 --- [main] o.a.c.c.C.[Tomcat].[localhost].[/]       : Initializing Spring embedded WebApplicationContext
2022-04-14 17:14:04.656  INFO 13576 --- [main] w.s.c.ServletWebServerApplicationContext : Root WebApplicationContext: initialization completed in 610 ms
2022-04-14 17:14:04.884  INFO 13576 --- [main] o.s.b.w.embedded.tomcat.TomcatWebServer  : Tomcat started on port(s): 8080 (http) with context path ''
2022-04-14 17:14:04.892  INFO 13576 --- [main] m.j.JQueryAjaxRequestApplication         : Started JQueryAjaxRequestApplication in 1.208 seconds (JVM running for 1.642)
2022-04-14 17:14:13.437  INFO 13576 --- [http-nio-8080-exec-2] o.a.c.c.C.[Tomcat].[localhost].[/]       : Initializing Spring DispatcherServlet 'dispatcherServlet'
2022-04-14 17:14:13.438  INFO 13576 --- [http-nio-8080-exec-2] o.s.web.servlet.DispatcherServlet        : Initializing Servlet 'dispatcherServlet'
2022-04-14 17:14:13.438  INFO 13576 --- [http-nio-8080-exec-2] o.s.web.servlet.DispatcherServlet        : Completed initialization in 0 ms
2022-04-14 17:16:25.077  INFO 12632 --- [main] m.j.JQueryAjaxRequestApplication         : Starting JQueryAjaxRequestApplication using Java 16.0.2 on mao with PID 12632 (H:\程序\大三下期\jQuery发送ajax请求\target\classes started by mao in H:\程序\大三下期\jQuery发送ajax请求)
2022-04-14 17:16:25.079 DEBUG 12632 --- [main] m.j.JQueryAjaxRequestApplication         : Running with Spring Boot v2.6.6, Spring v5.3.18
2022-04-14 17:16:25.080  INFO 12632 --- [main] m.j.JQueryAjaxRequestApplication         : The following 1 profile is active: "dev"
2022-04-14 17:16:25.653  INFO 12632 --- [main] o.s.b.w.embedded.tomcat.TomcatWebServer  : Tomcat initialized with port(s): 8080 (http)
2022-04-14 17:16:25.660  INFO 12632 --- [main] o.apache.catalina.core.StandardService   : Starting service [Tomcat]
2022-04-14 17:16:25.661  INFO 12632 --- [main] org.apache.catalina.core.StandardEngine  : Starting Servlet engine: [Apache Tomcat/9.0.60]
2022-04-14 17:16:25.730  INFO 12632 --- [main] o.a.c.c.C.[Tomcat].[localhost].[/]       : Initializing Spring embedded WebApplicationContext
2022-04-14 17:16:25.730  INFO 12632 --- [main] w.s.c.ServletWebServerApplicationContext : Root WebApplicationContext: initialization completed in 613 ms
2022-04-14 17:16:25.969  INFO 12632 --- [main] o.s.b.w.embedded.tomcat.TomcatWebServer  : Tomcat started on port(s): 8080 (http) with context path ''
2022-04-14 17:16:25.978  INFO 12632 --- [main] m.j.JQueryAjaxRequestApplication         : Started JQueryAjaxRequestApplication in 1.223 seconds (JVM running for 1.663)
2022-04-14 17:16:32.866  INFO 12632 --- [http-nio-8080-exec-1] o.a.c.c.C.[Tomcat].[localhost].[/]       : Initializing Spring DispatcherServlet 'dispatcherServlet'
2022-04-14 17:16:32.867  INFO 12632 --- [http-nio-8080-exec-1] o.s.web.servlet.DispatcherServlet        : Initializing Servlet 'dispatcherServlet'
2022-04-14 17:16:32.867  INFO 12632 --- [http-nio-8080-exec-1] o.s.web.servlet.DispatcherServlet        : Completed initialization in 0 ms
2022-04-14 17:17:17.171  INFO 11420 --- [main] m.j.JQueryAjaxRequestApplication         : Starting JQueryAjaxRequestApplication using Java 16.0.2 on mao with PID 11420 (H:\程序\大三下期\jQuery发送ajax请求\target\classes started by mao in H:\程序\大三下期\jQuery发送ajax请求)
2022-04-14 17:17:17.173 DEBUG 11420 --- [main] m.j.JQueryAjaxRequestApplication         : Running with Spring Boot v2.6.6, Spring v5.3.18
2022-04-14 17:17:17.174  INFO 11420 --- [main] m.j.JQueryAjaxRequestApplication         : The following 1 profile is active: "dev"
2022-04-14 17:17:17.737  INFO 11420 --- [main] o.s.b.w.embedded.tomcat.TomcatWebServer  : Tomcat initialized with port(s): 8080 (http)
2022-04-14 17:17:17.743  INFO 11420 --- [main] o.apache.catalina.core.StandardService   : Starting service [Tomcat]
2022-04-14 17:17:17.743  INFO 11420 --- [main] org.apache.catalina.core.StandardEngine  : Starting Servlet engine: [Apache Tomcat/9.0.60]
2022-04-14 17:17:17.814  INFO 11420 --- [main] o.a.c.c.C.[Tomcat].[localhost].[/]       : Initializing Spring embedded WebApplicationContext
2022-04-14 17:17:17.814  INFO 11420 --- [main] w.s.c.ServletWebServerApplicationContext : Root WebApplicationContext: initialization completed in 602 ms
2022-04-14 17:17:18.038  INFO 11420 --- [main] o.s.b.w.embedded.tomcat.TomcatWebServer  : Tomcat started on port(s): 8080 (http) with context path ''
2022-04-14 17:17:18.047  INFO 11420 --- [main] m.j.JQueryAjaxRequestApplication         : Started JQueryAjaxRequestApplication in 1.191 seconds (JVM running for 1.625)
2022-04-14 17:17:29.129  INFO 11420 --- [http-nio-8080-exec-1] o.a.c.c.C.[Tomcat].[localhost].[/]       : Initializing Spring DispatcherServlet 'dispatcherServlet'
2022-04-14 17:17:29.130  INFO 11420 --- [http-nio-8080-exec-1] o.s.web.servlet.DispatcherServlet        : Initializing Servlet 'dispatcherServlet'
2022-04-14 17:17:29.130  INFO 11420 --- [http-nio-8080-exec-1] o.s.web.servlet.DispatcherServlet        : Completed initialization in 0 ms
2022-04-14 17:18:17.746  INFO 1632 --- [main] m.j.JQueryAjaxRequestApplication         : Starting JQueryAjaxRequestApplication using Java 16.0.2 on mao with PID 1632 (H:\程序\大三下期\jQuery发送ajax请求\target\classes started by mao in H:\程序\大三下期\jQuery发送ajax请求)
2022-04-14 17:18:17.749 DEBUG 1632 --- [main] m.j.JQueryAjaxRequestApplication         : Running with Spring Boot v2.6.6, Spring v5.3.18
2022-04-14 17:18:17.750  INFO 1632 --- [main] m.j.JQueryAjaxRequestApplication         : The following 1 profile is active: "dev"
2022-04-14 17:18:18.322  INFO 1632 --- [main] o.s.b.w.embedded.tomcat.TomcatWebServer  : Tomcat initialized with port(s): 8080 (http)
2022-04-14 17:18:18.328  INFO 1632 --- [main] o.apache.catalina.core.StandardService   : Starting service [Tomcat]
2022-04-14 17:18:18.329  INFO 1632 --- [main] org.apache.catalina.core.StandardEngine  : Starting Servlet engine: [Apache Tomcat/9.0.60]
2022-04-14 17:18:18.401  INFO 1632 --- [main] o.a.c.c.C.[Tomcat].[localhost].[/]       : Initializing Spring embedded WebApplicationContext
2022-04-14 17:18:18.401  INFO 1632 --- [main] w.s.c.ServletWebServerApplicationContext : Root WebApplicationContext: initialization completed in 614 ms
2022-04-14 17:18:18.631  INFO 1632 --- [main] o.s.b.w.embedded.tomcat.TomcatWebServer  : Tomcat started on port(s): 8080 (http) with context path ''
2022-04-14 17:18:18.640  INFO 1632 --- [main] m.j.JQueryAjaxRequestApplication         : Started JQueryAjaxRequestApplication in 1.205 seconds (JVM running for 1.647)
2022-04-14 17:18:22.495  INFO 1632 --- [http-nio-8080-exec-1] o.a.c.c.C.[Tomcat].[localhost].[/]       : Initializing Spring DispatcherServlet 'dispatcherServlet'
2022-04-14 17:18:22.495  INFO 1632 --- [http-nio-8080-exec-1] o.s.web.servlet.DispatcherServlet        : Initializing Servlet 'dispatcherServlet'
2022-04-14 17:18:22.496  INFO 1632 --- [http-nio-8080-exec-1] o.s.web.servlet.DispatcherServlet        : Completed initialization in 1 ms
2022-04-14 17:18:23.858  INFO 1632 --- [http-nio-8080-exec-2] m.j.controller.MyController              : 56,5
2022-04-14 17:18:24.304  INFO 1632 --- [http-nio-8080-exec-3] m.j.controller.MyController              : 56,5
2022-04-14 17:18:24.631  INFO 1632 --- [http-nio-8080-exec-5] m.j.controller.MyController              : 56,5
2022-04-14 17:18:24.818  INFO 1632 --- [http-nio-8080-exec-4] m.j.controller.MyController              : 56,5
2022-04-14 17:18:25.000  INFO 1632 --- [http-nio-8080-exec-6] m.j.controller.MyController              : 56,5
2022-04-14 17:18:25.169  INFO 1632 --- [http-nio-8080-exec-7] m.j.controller.MyController              : 56,5
2022-04-14 17:18:25.488  INFO 1632 --- [http-nio-8080-exec-8] m.j.controller.MyController              : 56,5
2022-04-14 17:18:25.660  INFO 1632 --- [http-nio-8080-exec-9] m.j.controller.MyController              : 56,5
2022-04-14 17:18:25.842  INFO 1632 --- [http-nio-8080-exec-10] m.j.controller.MyController              : 56,5
2022-04-14 17:18:26.013  INFO 1632 --- [http-nio-8080-exec-1] m.j.controller.MyController              : 56,5
2022-04-14 17:22:47.499  INFO 1632 --- [http-nio-8080-exec-4] m.j.controller.MyController              : 56,5
2022-04-14 17:22:47.965  INFO 1632 --- [http-nio-8080-exec-6] m.j.controller.MyController              : 56,5
2022-04-14 17:22:48.155  INFO 1632 --- [http-nio-8080-exec-7] m.j.controller.MyController              : 56,5
2022-04-14 17:22:48.343  INFO 1632 --- [http-nio-8080-exec-8] m.j.controller.MyController              : 56,5
2022-04-14 17:22:48.726  INFO 1632 --- [http-nio-8080-exec-9] m.j.controller.MyController              : 56,5
2022-04-14 17:22:48.910  INFO 1632 --- [http-nio-8080-exec-10] m.j.controller.MyController              : 56,5
2022-04-14 17:23:53.697  INFO 18868 --- [main] m.j.JQueryAjaxRequestApplication         : Starting JQueryAjaxRequestApplication using Java 16.0.2 on mao with PID 18868 (H:\程序\大三下期\jQuery发送ajax请求\target\classes started by mao in H:\程序\大三下期\jQuery发送ajax请求)
2022-04-14 17:23:53.701 DEBUG 18868 --- [main] m.j.JQueryAjaxRequestApplication         : Running with Spring Boot v2.6.6, Spring v5.3.18
2022-04-14 17:23:53.701  INFO 18868 --- [main] m.j.JQueryAjaxRequestApplication         : The following 1 profile is active: "dev"
2022-04-14 17:23:54.290  INFO 18868 --- [main] o.s.b.w.embedded.tomcat.TomcatWebServer  : Tomcat initialized with port(s): 8080 (http)
2022-04-14 17:23:54.297  INFO 18868 --- [main] o.apache.catalina.core.StandardService   : Starting service [Tomcat]
2022-04-14 17:23:54.298  INFO 18868 --- [main] org.apache.catalina.core.StandardEngine  : Starting Servlet engine: [Apache Tomcat/9.0.60]
2022-04-14 17:23:54.368  INFO 18868 --- [main] o.a.c.c.C.[Tomcat].[localhost].[/]       : Initializing Spring embedded WebApplicationContext
2022-04-14 17:23:54.368  INFO 18868 --- [main] w.s.c.ServletWebServerApplicationContext : Root WebApplicationContext: initialization completed in 622 ms
2022-04-14 17:23:54.598  INFO 18868 --- [main] o.s.b.w.embedded.tomcat.TomcatWebServer  : Tomcat started on port(s): 8080 (http) with context path ''
2022-04-14 17:23:54.607  INFO 18868 --- [main] m.j.JQueryAjaxRequestApplication         : Started JQueryAjaxRequestApplication in 1.246 seconds (JVM running for 1.678)
2022-04-14 17:28:04.415  INFO 16148 --- [main] m.j.JQueryAjaxRequestApplication         : Starting JQueryAjaxRequestApplication using Java 16.0.2 on mao with PID 16148 (H:\程序\大三下期\jQuery发送ajax请求\target\classes started by mao in H:\程序\大三下期\jQuery发送ajax请求)
2022-04-14 17:28:04.417 DEBUG 16148 --- [main] m.j.JQueryAjaxRequestApplication         : Running with Spring Boot v2.6.6, Spring v5.3.18
2022-04-14 17:28:04.417  INFO 16148 --- [main] m.j.JQueryAjaxRequestApplication         : The following 1 profile is active: "dev"
2022-04-14 17:28:05.037  INFO 16148 --- [main] o.s.b.w.embedded.tomcat.TomcatWebServer  : Tomcat initialized with port(s): 8080 (http)
2022-04-14 17:28:05.045  INFO 16148 --- [main] o.apache.catalina.core.StandardService   : Starting service [Tomcat]
2022-04-14 17:28:05.045  INFO 16148 --- [main] org.apache.catalina.core.StandardEngine  : Starting Servlet engine: [Apache Tomcat/9.0.60]
2022-04-14 17:28:05.117  INFO 16148 --- [main] o.a.c.c.C.[Tomcat].[localhost].[/]       : Initializing Spring embedded WebApplicationContext
2022-04-14 17:28:05.117  INFO 16148 --- [main] w.s.c.ServletWebServerApplicationContext : Root WebApplicationContext: initialization completed in 662 ms
